<?xml version="1.0" encoding="UTF-8"?>
<!-- Generated by org.testng.reporters.JUnitReportReporter -->
<testsuite hostname="DESKTOP-32SHS3O" name="com.Hrms.tests.TestPIMPage" tests="8" failures="1" timestamp="14 Oct 2024 07:33:03 GMT" time="6.892" errors="1">
  <testcase name="editEmployeeDetails" time="0.003" classname="com.Hrms.tests.TestPIMPage"/>
  <testcase name="editEmploymentStatus" time="0.000" classname="com.Hrms.tests.TestPIMPage"/>
  <testcase name="viewEmployeeList" time="0.000" classname="com.Hrms.tests.TestPIMPage">
    <error type="java.lang.Throwable" message="Method TestPIMPage.viewEmployeeList()[pri:4, instance:com.Hrms.tests.TestPIMPage@c8c12ac] depends on not successfully finished methods">
      <![CDATA[java.lang.Throwable: Method TestPIMPage.viewEmployeeList()[pri:4, instance:com.Hrms.tests.TestPIMPage@c8c12ac] depends on not successfully finished methods
	at org.testng.internal.Invoker.invokeTestMethods(Invoker.java:1040)
	at org.testng.internal.TestMethodWorker.invokeTestMethods(TestMethodWorker.java:129)
	at org.testng.internal.TestMethodWorker.run(TestMethodWorker.java:112)
	at org.testng.TestRunner.privateRun(TestRunner.java:778)
	at org.testng.TestRunner.run(TestRunner.java:632)
	at org.testng.SuiteRunner.runTest(SuiteRunner.java:366)
	at org.testng.SuiteRunner.runSequentially(SuiteRunner.java:361)
	at org.testng.SuiteRunner.privateRun(SuiteRunner.java:319)
	at org.testng.SuiteRunner.run(SuiteRunner.java:268)
	at org.testng.SuiteRunnerWorker.runSuite(SuiteRunnerWorker.java:52)
	at org.testng.SuiteRunnerWorker.run(SuiteRunnerWorker.java:86)
	at org.testng.TestNG.runSuitesSequentially(TestNG.java:1225)
	at org.testng.TestNG.runSuitesLocally(TestNG.java:1150)
	at org.testng.TestNG.runSuites(TestNG.java:1075)
	at org.testng.TestNG.run(TestNG.java:1047)
	at org.testng.remote.AbstractRemoteTestNG.run(AbstractRemoteTestNG.java:126)
	at org.testng.remote.RemoteTestNG.initAndRun(RemoteTestNG.java:137)
	at org.testng.remote.RemoteTestNG.main(RemoteTestNG.java:58)
]]>
    </error>
  </testcase> <!-- viewEmployeeList -->
  <testcase name="searchEmployee" time="0.020" classname="com.Hrms.tests.TestPIMPage"/>
  <testcase name="filterEmployeeList" time="0.000" classname="com.Hrms.tests.TestPIMPage"/>
  <testcase name="viewEmployeeDetails" time="0.000" classname="com.Hrms.tests.TestPIMPage"/>
  <testcase name="addEmployeePhotos" time="0.016" classname="com.Hrms.tests.TestPIMPage"/>
  <testcase name="deleteEmployee" time="6.853" classname="com.Hrms.tests.TestPIMPage">
    <failure type="java.lang.AssertionError" message="Unable to locate element: //input[@value=&#039;0036&#039;]
For documentation on this error, please visit: https://www.selenium.dev/documentation/webdriver/troubleshooting/errors#no-such-element-exception
Build info: version: &#039;4.10.0&#039;, revision: &#039;c14d967899&#039;
System info: os.name: &#039;Windows 10&#039;, os.arch: &#039;amd64&#039;, os.version: &#039;10.0&#039;, java.version: &#039;1.8.0_421&#039;
Driver info: org.openqa.selenium.firefox.FirefoxDriver
Command: [b4cc26fb-2885-4afc-8011-0903eba65612, findElement {using=xpath, value=//input[@value=&#039;0036&#039;]}]
Capabilities {acceptInsecureCerts: true, browserName: firefox, browserVersion: 131.0.2, moz:accessibilityChecks: false, moz:buildID: 20241008210941, moz:geckodriverVersion: 0.35.0, moz:headless: false, moz:platformVersion: 10.0, moz:processID: 4976, moz:profile: C:\Users\KALPANA\AppData\Lo..., moz:shutdownTimeout: 60000, moz:webdriverClick: true, moz:windowless: false, pageLoadStrategy: normal, platformName: windows, proxy: Proxy(), setWindowRect: true, strictFileInteractability: false, timeouts: {implicit: 0, pageLoad: 300000, script: 30000}, unhandledPromptBehavior: dismiss and notify, userAgent: Mozilla/5.0 (Windows NT 10....}
Session ID: b4cc26fb-2885-4afc-8011-0903eba65612">
      <![CDATA[java.lang.AssertionError: Unable to locate element: //input[@value='0036']
For documentation on this error, please visit: https://www.selenium.dev/documentation/webdriver/troubleshooting/errors#no-such-element-exception
Build info: version: '4.10.0', revision: 'c14d967899'
System info: os.name: 'Windows 10', os.arch: 'amd64', os.version: '10.0', java.version: '1.8.0_421'
Driver info: org.openqa.selenium.firefox.FirefoxDriver
Command: [b4cc26fb-2885-4afc-8011-0903eba65612, findElement {using=xpath, value=//input[@value='0036']}]
Capabilities {acceptInsecureCerts: true, browserName: firefox, browserVersion: 131.0.2, moz:accessibilityChecks: false, moz:buildID: 20241008210941, moz:geckodriverVersion: 0.35.0, moz:headless: false, moz:platformVersion: 10.0, moz:processID: 4976, moz:profile: C:\Users\KALPANA\AppData\Lo..., moz:shutdownTimeout: 60000, moz:webdriverClick: true, moz:windowless: false, pageLoadStrategy: normal, platformName: windows, proxy: Proxy(), setWindowRect: true, strictFileInteractability: false, timeouts: {implicit: 0, pageLoad: 300000, script: 30000}, unhandledPromptBehavior: dismiss and notify, userAgent: Mozilla/5.0 (Windows NT 10....}
Session ID: b4cc26fb-2885-4afc-8011-0903eba65612
	at org.testng.Assert.fail(Assert.java:94)
	at com.Hrms.utils.TestNGUtility.assertFail(TestNGUtility.java:34)
	at com.Hrms.utils.CommonUtils.findElement(CommonUtils.java:75)
	at com.Hrms.utils.CommonUtils.clickElement(CommonUtils.java:109)
	at com.Hrms.tests.TestPIMPage.deleteEmployee(TestPIMPage.java:108)
	at sun.reflect.NativeMethodAccessorImpl.invoke0(Native Method)
	at sun.reflect.NativeMethodAccessorImpl.invoke(Unknown Source)
	at sun.reflect.DelegatingMethodAccessorImpl.invoke(Unknown Source)
	at java.lang.reflect.Method.invoke(Unknown Source)
	at org.testng.internal.MethodInvocationHelper.invokeMethod(MethodInvocationHelper.java:86)
	at org.testng.internal.Invoker.invokeMethod(Invoker.java:646)
	at org.testng.internal.Invoker.invokeTestMethod(Invoker.java:823)
	at org.testng.internal.Invoker.invokeTestMethods(Invoker.java:1131)
	at org.testng.internal.TestMethodWorker.invokeTestMethods(TestMethodWorker.java:129)
	at org.testng.internal.TestMethodWorker.run(TestMethodWorker.java:112)
	at org.testng.TestRunner.privateRun(TestRunner.java:778)
	at org.testng.TestRunner.run(TestRunner.java:632)
	at org.testng.SuiteRunner.runTest(SuiteRunner.java:366)
	at org.testng.SuiteRunner.runSequentially(SuiteRunner.java:361)
	at org.testng.SuiteRunner.privateRun(SuiteRunner.java:319)
	at org.testng.SuiteRunner.run(SuiteRunner.java:268)
	at org.testng.SuiteRunnerWorker.runSuite(SuiteRunnerWorker.java:52)
	at org.testng.SuiteRunnerWorker.run(SuiteRunnerWorker.java:86)
	at org.testng.TestNG.runSuitesSequentially(TestNG.java:1225)
	at org.testng.TestNG.runSuitesLocally(TestNG.java:1150)
	at org.testng.TestNG.runSuites(TestNG.java:1075)
	at org.testng.TestNG.run(TestNG.java:1047)
	at org.testng.remote.AbstractRemoteTestNG.run(AbstractRemoteTestNG.java:126)
	at org.testng.remote.RemoteTestNG.initAndRun(RemoteTestNG.java:137)
	at org.testng.remote.RemoteTestNG.main(RemoteTestNG.java:58)
]]>
    </failure>
  </testcase> <!-- deleteEmployee -->
</testsuite> <!-- com.Hrms.tests.TestPIMPage -->
